<?xml version="1.0" encoding="UTF-8"?>
<testng-results skipped="0" failed="0" ignored="0" total="1" passed="1">
  <reporter-output>
  </reporter-output>
  <suite name="Default suite" duration-ms="90049" started-at="2019-03-23T04:38:13Z" finished-at="2019-03-23T04:39:43Z">
    <groups>
    </groups>
    <test name="Default test" duration-ms="90049" started-at="2019-03-23T04:38:13Z" finished-at="2019-03-23T04:39:43Z">
      <class name="com.Tests.PaymentPageTest">
        <test-method status="PASS" signature="setUp()[pri:0, instance:com.Tests.PaymentPageTest@6a41eaa2]" name="setUp" is-config="true" duration-ms="9293" started-at="2019-03-23T04:38:13Z" finished-at="2019-03-23T04:38:22Z">
          <reporter-output>
          </reporter-output>
        </test-method> <!-- setUp -->
        <test-method status="PASS" signature="PaymentTest()[pri:0, instance:com.Tests.PaymentPageTest@6a41eaa2]" name="PaymentTest" duration-ms="80245" started-at="2019-03-23T04:38:22Z" finished-at="2019-03-23T04:39:43Z">
          <reporter-output>
          </reporter-output>
        </test-method> <!-- PaymentTest -->
        <test-method status="PASS" signature="teardown()[pri:0, instance:com.Tests.PaymentPageTest@6a41eaa2]" name="teardown" is-config="true" duration-ms="498" started-at="2019-03-23T04:39:43Z" finished-at="2019-03-23T04:39:43Z">
          <reporter-output>
          </reporter-output>
        </test-method> <!-- teardown -->
      </class> <!-- com.Tests.PaymentPageTest -->
    </test> <!-- Default test -->
  </suite> <!-- Default suite -->
</testng-results>
